c:\repos\reboot\reboot\project reboot 3.0\x64\release\imgui_demo.obj
c:\repos\reboot\reboot\project reboot 3.0\x64\release\buildingfoundation.obj
c:\repos\reboot\reboot\project reboot 3.0\x64\release\fortathenamutator_giveitemsatgamephasestep.obj
c:\repos\reboot\reboot\project reboot 3.0\x64\release\fortitem.obj
c:\repos\reboot\reboot\project reboot 3.0\x64\release\fortplayerpawn.obj
c:\repos\reboot\reboot\project reboot 3.0\x64\release\inc.obj
c:\repos\reboot\reboot\project reboot 3.0\x64\release\savepackage.obj
c:\repos\reboot\reboot\project reboot 3.0\x64\release\athenamarkercomponent.obj
c:\repos\reboot\reboot\project reboot 3.0\x64\release\dllmain.obj
c:\repos\reboot\reboot\project reboot 3.0\x64\release\fortminigame.obj
c:\repos\reboot\reboot\project reboot 3.0\x64\release\gamemodebase.obj
c:\repos\reboot\reboot\project reboot 3.0\x64\release\playercontroller.obj
c:\repos\reboot\reboot\project reboot 3.0\x64\release\imgui_draw.obj
c:\repos\reboot\reboot\project reboot 3.0\x64\release\buildingsmactor.obj
c:\repos\reboot\reboot\project reboot 3.0\x64\release\enginetypes.obj
c:\repos\reboot\reboot\project reboot 3.0\x64\release\fortgamemodeathena.obj
c:\repos\reboot\reboot\project reboot 3.0\x64\release\fortsafezoneindicator.obj
c:\repos\reboot\reboot\project reboot 3.0\x64\release\object.obj
c:\repos\reboot\reboot\project reboot 3.0\x64\release\buildingcontainer.obj
c:\repos\reboot\reboot\project reboot 3.0\x64\release\fortathenavehiclespawner.obj
c:\repos\reboot\reboot\project reboot 3.0\x64\release\fortlootpackage.obj
c:\repos\reboot\reboot\project reboot 3.0\x64\release\gamemode.obj
c:\repos\reboot\reboot\project reboot 3.0\x64\release\objectviewer.obj
c:\repos\reboot\reboot\project reboot 3.0\x64\release\buildingactor.obj
c:\repos\reboot\reboot\project reboot 3.0\x64\release\datatablefunctionlibrary.obj
c:\repos\reboot\reboot\project reboot 3.0\x64\release\fortgamemode.obj
c:\repos\reboot\reboot\project reboot 3.0\x64\release\fortoctopusvehicle.obj
c:\repos\reboot\reboot\project reboot 3.0\x64\release\gameplaystatics.obj
c:\repos\reboot\reboot\project reboot 3.0\x64\release\playerstate.obj
c:\repos\reboot\reboot\project reboot 3.0\x64\release\addresses.obj
c:\repos\reboot\reboot\project reboot 3.0\x64\release\fortathenasupplydrop.obj
c:\repos\reboot\reboot\project reboot 3.0\x64\release\fortitemdefinition.obj
c:\repos\reboot\reboot\project reboot 3.0\x64\release\fortplayerpawnathena.obj
c:\repos\reboot\reboot\project reboot 3.0\x64\release\inventorymanagementlibrary.obj
c:\repos\reboot\reboot\project reboot 3.0\x64\release\scriptdisassembler.obj
c:\repos\reboot\reboot\project reboot 3.0\x64\release\imgui_impl_dx9.obj
c:\repos\reboot\reboot\project reboot 3.0\x64\release\cheatmanager.obj
c:\repos\reboot\reboot\project reboot 3.0\x64\release\fortathenamapinfo.obj
c:\repos\reboot\reboot\project reboot 3.0\x64\release\fortinventoryinterface.obj
c:\repos\reboot\reboot\project reboot 3.0\x64\release\fortplayerstate.obj
c:\repos\reboot\reboot\project reboot 3.0\x64\release\genericplatformmath.obj
c:\repos\reboot\reboot\project reboot 3.0\x64\release\kismettextlibrary.obj
c:\repos\reboot\reboot\project reboot 3.0\x64\release\imgui_widgets.obj
c:\repos\reboot\reboot\project reboot 3.0\x64\release\buildingstructuralsupportsystem.obj
c:\repos\reboot\reboot\project reboot 3.0\x64\release\finder.obj
c:\repos\reboot\reboot\project reboot 3.0\x64\release\fortgamemodezone.obj
c:\repos\reboot\reboot\project reboot 3.0\x64\release\fortplayercontroller.obj
c:\repos\reboot\reboot\project reboot 3.0\x64\release\levelactor.obj
c:\repos\reboot\reboot\project reboot 3.0\x64\release\imgui_stdlib.obj
c:\repos\reboot\reboot\project reboot 3.0\x64\release\buildingweapons.obj
c:\repos\reboot\reboot\project reboot 3.0\x64\release\fortathenamutator_barrier.obj
c:\repos\reboot\reboot\project reboot 3.0\x64\release\fortgamesessiondedicatedathena.obj
c:\repos\reboot\reboot\project reboot 3.0\x64\release\fortweaponitemdefinition.obj
c:\repos\reboot\reboot\project reboot 3.0\x64\release\level.obj
c:\repos\reboot\reboot\project reboot 3.0\x64\release\uobjectglobals.obj
c:\repos\reboot\reboot\project reboot 3.0\x64\release\world.obj
c:\repos\reboot\reboot\project reboot 3.0\x64\release\bp_islandscripting.obj
c:\repos\reboot\reboot\project reboot 3.0\x64\release\datachannel.obj
c:\repos\reboot\reboot\project reboot 3.0\x64\release\fortdecoitemdefinition.obj
c:\repos\reboot\reboot\project reboot 3.0\x64\release\fortpawn.obj
c:\repos\reboot\reboot\project reboot 3.0\x64\release\gamestate.obj
c:\repos\reboot\reboot\project reboot 3.0\x64\release\reboot.obj
c:\repos\reboot\reboot\project reboot 3.0\x64\release\imgui.obj
c:\repos\reboot\reboot\project reboot 3.0\x64\release\class.obj
c:\repos\reboot\reboot\project reboot 3.0\x64\release\fortathenamutator_disco.obj
c:\repos\reboot\reboot\project reboot 3.0\x64\release\fortinventory.obj
c:\repos\reboot\reboot\project reboot 3.0\x64\release\fortplayerstateathena.obj
c:\repos\reboot\reboot\project reboot 3.0\x64\release\kismetmathlibrary.obj
c:\repos\reboot\reboot\project reboot 3.0\x64\release\unrealmath.obj
c:\repos\reboot\reboot\project reboot 3.0\x64\release\actorcomponent.obj
c:\repos\reboot\reboot\project reboot 3.0\x64\release\controller.obj
c:\repos\reboot\reboot\project reboot 3.0\x64\release\fortgadgetitemdefinition.obj
c:\repos\reboot\reboot\project reboot 3.0\x64\release\fortpickup.obj
c:\repos\reboot\reboot\project reboot 3.0\x64\release\kismetstringlibrary.obj
c:\repos\reboot\reboot\project reboot 3.0\x64\release\unrealnames.obj
c:\repos\reboot\reboot\project reboot 3.0\x64\release\imgui_tables.obj
c:\repos\reboot\reboot\project reboot 3.0\x64\release\buildinggameplayactorspawnmachine.obj
c:\repos\reboot\reboot\project reboot 3.0\x64\release\fortathenavehicle.obj
c:\repos\reboot\reboot\project reboot 3.0\x64\release\fortgamestateathena.obj
c:\repos\reboot\reboot\project reboot 3.0\x64\release\fortweaponrangedmountedcannon.obj
c:\repos\reboot\reboot\project reboot 3.0\x64\release\netdriver.obj
c:\repos\reboot\reboot\project reboot 3.0\x64\release\imgui_impl_win32.obj
c:\repos\reboot\reboot\project reboot 3.0\x64\release\buildingtrap.obj
c:\repos\reboot\reboot\project reboot 3.0\x64\release\fortathenacreativeportal.obj
c:\repos\reboot\reboot\project reboot 3.0\x64\release\fortgameplayabilityathena_periodicitemgrant.obj
c:\repos\reboot\reboot\project reboot 3.0\x64\release\fortplayercontrollerathena.obj
c:\repos\reboot\reboot\project reboot 3.0\x64\release\networkobjectlist.obj
c:\repos\reboot\reboot\project reboot 3.0\x64\release\actor.obj
c:\repos\reboot\reboot\project reboot 3.0\x64\release\commands.obj
c:\repos\reboot\reboot\project reboot 3.0\x64\release\fortlootlevel.obj
c:\repos\reboot\reboot\project reboot 3.0\x64\release\fortplaysetitemdefinition.obj
c:\repos\reboot\reboot\project reboot 3.0\x64\release\kismetsystemlibrary.obj
c:\repos\reboot\reboot\project reboot 3.0\x64\release\abilitysystemcomponent_abilities.obj
c:\repos\reboot\reboot\project reboot 3.0\x64\release\extra.obj
c:\repos\reboot\reboot\project reboot 3.0\x64\release\fortkismetlibrary.obj
c:\repos\reboot\reboot\project reboot 3.0\x64\release\fortweapon.obj
c:\repos\reboot\reboot\project reboot 3.0\x64\release\nametypes.obj
c:\repos\reboot\reboot\project reboot 3.0\x64\release\netconnection.obj
c:\repos\reboot\reboot\project reboot 3.0\x64\release\netconnection.h.ifc
c:\repos\reboot\reboot\project reboot 3.0\x64\release\netconnection.h.ifc.d.json
c:\repos\reboot\reboot\project reboot 3.0\x64\release\netconnection.h.obj
c:\repos\reboot\reboot\project reboot 3.0\x64\release\std.compat.ixx.ifc
c:\repos\reboot\reboot\project reboot 3.0\x64\release\std.compat.ixx.ifc.d.json
c:\repos\reboot\reboot\project reboot 3.0\x64\release\std.compat.ixx.obj
c:\repos\reboot\reboot\project reboot 3.0\x64\release\fortinventory.h.ifc
c:\repos\reboot\reboot\project reboot 3.0\x64\release\fortinventory.h.ifc.d.json
c:\repos\reboot\reboot\project reboot 3.0\x64\release\fortinventory.h.obj
c:\repos\reboot\reboot\project reboot 3.0\x64\release\std.ixx.ifc
c:\repos\reboot\reboot\project reboot 3.0\x64\release\std.ixx.ifc.d.json
c:\repos\reboot\reboot\project reboot 3.0\x64\release\std.ixx.obj
c:\repos\reboot\reboot\project reboot 3.0\x64\release\calendar.h.ifc
c:\repos\reboot\reboot\project reboot 3.0\x64\release\calendar.h.ifc.d.json
c:\repos\reboot\reboot\project reboot 3.0\x64\release\calendar.h.obj
c:\repos\reboot\reboot\project reboot 3.0\x64\release\vc143.pdb
c:\repos\reboot\reboot\x64\release\project reboot 3.0.dll
c:\repos\reboot\reboot\project reboot 3.0\x64\release\project reboot 3.0.ipdb
c:\repos\reboot\reboot\x64\release\project reboot 3.0.pdb
c:\repos\reboot\reboot\project reboot 3.0\x64\release\project reboot 3.0.iobj
c:\repos\reboot\reboot\project reboot 3.0\x64\release\std.compat.ixx.module.json
c:\repos\reboot\reboot\project reboot 3.0\x64\release\calendar.h.module.json
c:\repos\reboot\reboot\project reboot 3.0\x64\release\std.ixx.module.json
c:\repos\reboot\reboot\project reboot 3.0\x64\release\fortinventory.h.module.json
c:\repos\reboot\reboot\project reboot 3.0\x64\release\netconnection.h.module.json
c:\repos\reboot\reboot\project reboot 3.0\x64\release\project .69618184.tlog\cl.10276.write.1.tlog
c:\repos\reboot\reboot\project reboot 3.0\x64\release\project .69618184.tlog\cl.command.1.tlog
c:\repos\reboot\reboot\project reboot 3.0\x64\release\project .69618184.tlog\cl.items.tlog
c:\repos\reboot\reboot\project reboot 3.0\x64\release\project .69618184.tlog\cl.read.1.tlog
c:\repos\reboot\reboot\project reboot 3.0\x64\release\project .69618184.tlog\link.command.1.tlog
c:\repos\reboot\reboot\project reboot 3.0\x64\release\project .69618184.tlog\link.read.1.tlog
c:\repos\reboot\reboot\project reboot 3.0\x64\release\project .69618184.tlog\link.write.1.tlog
c:\repos\reboot\reboot\project reboot 3.0\x64\release\project .69618184_md.tlog\cl.command.1.tlog
c:\repos\reboot\reboot\project reboot 3.0\x64\release\project .69618184_md.tlog\microsoft.build.cpptasks.cl.read.1.tlog
c:\repos\reboot\reboot\project reboot 3.0\x64\release\project .69618184_md.tlog\microsoft.build.cpptasks.cl.write.1.tlog
